<?xml version="1.0" encoding="UTF-8"?>
<!-- Generated by org.testng.reporters.JUnitReportReporter -->
<testsuite hostname="Black-WEALTH-AIR.local" failures="0" tests="1" name="tset.LoginTest" time="16.853" errors="0" timestamp="2023-02-28T14:12:32 CST" skipped="0">
  <testcase classname="tset.LoginTest" name="ValidUSerShouldBeAbleToLogin" time="16.853"/>
  <system-out/>
</testsuite> <!-- tset.LoginTest -->
